<?xml version="1.0" encoding="UTF-8"?>
<!-- Generated by org.testng.reporters.JUnitReportReporter -->
<testsuite skipped="1" hostname="PankajKumar-HP" name="com.TestScript.Login.Login_script" tests="2" failures="0" timestamp="13 Jun 2020 18:58:39 GMT" time="1.100" errors="0">
  <testcase name="validcred" time="1.100" classname="com.TestScript.Login.Login_script"/>
  <testcase name="invaidcredential" classname="com.TestScript.Login.Login_script">
    <skipped/>
  </testcase> <!-- invaidcredential -->
</testsuite> <!-- com.TestScript.Login.Login_script -->
