<?xml version="1.0" encoding="UTF-8"?>
<!-- Generated by org.testng.reporters.JUnitReportReporter -->
<testsuite skipped="0" hostname="PankajKumar-HP" name="com.TestScript.Login.Home_Script" tests="2" failures="0" timestamp="13 Jun 2020 19:07:19 GMT" time="8.401" errors="0">
  <testcase name="setCredentials" time="2.943" classname="com.TestScript.Login.Home_Script"/>
  <testcase name="homepage" time="5.458" classname="com.TestScript.Login.Home_Script"/>
</testsuite> <!-- com.TestScript.Login.Home_Script -->
