<?xml version="1.0" encoding="UTF-8"?>
<!-- Generated by org.testng.reporters.JUnitReportReporter -->
<testsuite skipped="0" hostname="PankajKumar-HP" name="com.login.teckarch_Login" tests="1" failures="0" timestamp="12 Jun 2020 16:50:34 GMT" time="4.472" errors="0">
  <testcase name="username" time="4.472" classname="com.login.teckarch_Login"/>
</testsuite> <!-- com.login.teckarch_Login -->
