<?xml version="1.0" encoding="UTF-8"?>
<!-- Generated by org.testng.reporters.JUnitReportReporter -->
<testsuite skipped="0" hostname="PankajKumar-HP" name="com.TestScript.Login.ScriptOfLogout" tests="2" failures="0" timestamp="13 Jun 2020 18:58:39 GMT" time="6.543" errors="0">
  <testcase name="login" time="2.022" classname="com.TestScript.Login.ScriptOfLogout"/>
  <testcase name="loginout" time="4.521" classname="com.TestScript.Login.ScriptOfLogout"/>
</testsuite> <!-- com.TestScript.Login.ScriptOfLogout -->
